0 verbose cli /data/data/com.termux/files/usr/bin/node /data/data/com.termux/files/usr/bin/npm
1 info using npm@11.12.1
2 info using node@v25.8.2
3 silly config load:file:/data/data/com.termux/files/usr/lib/node_modules/npm/npmrc
4 silly config load:file:/data/data/com.termux/files/home/kimana-chronicles/.npmrc
5 silly config load:file:/data/data/com.termux/files/home/.npmrc
6 silly config load:file:/data/data/com.termux/files/usr/etc/npmrc
7 verbose title npm install tailwindcss postcss autoprefixer
8 verbose argv "install" "tailwindcss" "postcss" "autoprefixer"
9 verbose logfile logs-max:10 dir:/data/data/com.termux/files/home/.npm/_logs/2026-04-14T07_37_38_379Z-
10 verbose logfile /data/data/com.termux/files/home/.npm/_logs/2026-04-14T07_37_38_379Z-debug-0.log
11 silly logfile start cleaning logs, removing 1 files
12 silly packumentCache heap:1060634624 maxSize:265158656 maxEntrySize:132579328
13 silly logfile done cleaning log files
14 verbose shrinkwrap failed to load node_modules/.package-lock.json out of date, updated: node_modules
15 silly idealTree buildDeps
16 silly fetch manifest tailwindcss@*
17 silly packumentCache full:https://registry.npmjs.org/tailwindcss cache-miss
18 http cache https://registry.npmjs.org/tailwindcss 456ms (cache hit)
19 silly packumentCache full:https://registry.npmjs.org/tailwindcss set size:10331221 disposed:false
20 silly fetch manifest postcss@*
21 silly packumentCache full:https://registry.npmjs.org/postcss cache-miss
22 http cache https://registry.npmjs.org/postcss 499ms (cache hit)
23 silly packumentCache full:https://registry.npmjs.org/postcss set size:705229 disposed:false
24 silly fetch manifest autoprefixer@*
25 silly packumentCache full:https://registry.npmjs.org/autoprefixer cache-miss
26 http cache https://registry.npmjs.org/autoprefixer 47ms (cache hit)
27 silly packumentCache full:https://registry.npmjs.org/autoprefixer set size:1319426 disposed:false
28 silly placeDep ROOT autoprefixer@10.5.0 OK for: kimana-chronicles@0.0.0 want: *
29 silly placeDep ROOT postcss@8.5.9 REPLACE for: kimana-chronicles@0.0.0 want: *
30 silly placeDep ROOT tailwindcss@4.2.2 OK for: kimana-chronicles@0.0.0 want: *
31 silly fetch manifest fraction.js@^5.3.4
32 silly packumentCache full:https://registry.npmjs.org/fraction.js cache-miss
33 silly fetch manifest postcss-value-parser@^4.2.0
34 silly packumentCache full:https://registry.npmjs.org/postcss-value-parser cache-miss
35 http cache https://registry.npmjs.org/fraction.js 44ms (cache hit)
36 silly packumentCache full:https://registry.npmjs.org/fraction.js set size:149386 disposed:false
37 http cache https://registry.npmjs.org/postcss-value-parser 68ms (cache hit)
38 silly packumentCache full:https://registry.npmjs.org/postcss-value-parser set size:73484 disposed:false
39 silly placeDep ROOT fraction.js@5.3.4 OK for: autoprefixer@10.5.0 want: ^5.3.4
40 silly placeDep ROOT postcss-value-parser@4.2.0 OK for: autoprefixer@10.5.0 want: ^4.2.0
41 silly reify moves {}
42 silly audit bulk request {
42 silly audit   '@babel/code-frame': [ '7.29.0' ],
42 silly audit   '@babel/compat-data': [ '7.29.0' ],
42 silly audit   '@babel/core': [ '7.29.0' ],
42 silly audit   '@babel/generator': [ '7.29.1' ],
42 silly audit   '@babel/helper-compilation-targets': [ '7.28.6' ],
42 silly audit   '@babel/helper-globals': [ '7.28.0' ],
42 silly audit   '@babel/helper-module-imports': [ '7.28.6' ],
42 silly audit   '@babel/helper-module-transforms': [ '7.28.6' ],
42 silly audit   '@babel/helper-string-parser': [ '7.27.1' ],
42 silly audit   '@babel/helper-validator-identifier': [ '7.28.5' ],
42 silly audit   '@babel/helper-validator-option': [ '7.27.1' ],
42 silly audit   '@babel/helpers': [ '7.29.2' ],
42 silly audit   '@babel/parser': [ '7.29.2' ],
42 silly audit   '@babel/template': [ '7.28.6' ],
42 silly audit   '@babel/traverse': [ '7.29.0' ],
42 silly audit   '@babel/types': [ '7.29.0' ],
42 silly audit   '@emnapi/core': [ '1.9.2' ],
42 silly audit   '@emnapi/runtime': [ '1.9.2' ],
42 silly audit   '@emnapi/wasi-threads': [ '1.2.1' ],
42 silly audit   '@eslint-community/eslint-utils': [ '4.9.1' ],
42 silly audit   'eslint-visitor-keys': [ '3.4.3', '4.2.1' ],
42 silly audit   '@eslint-community/regexpp': [ '4.12.2' ],
42 silly audit   '@eslint/config-array': [ '0.21.2' ],
42 silly audit   '@eslint/config-helpers': [ '0.4.2' ],
42 silly audit   '@eslint/core': [ '0.17.0' ],
42 silly audit   '@eslint/eslintrc': [ '3.3.5' ],
42 silly audit   globals: [ '14.0.0', '17.5.0' ],
42 silly audit   '@eslint/js': [ '9.39.4' ],
42 silly audit   '@eslint/object-schema': [ '2.1.7' ],
42 silly audit   '@eslint/plugin-kit': [ '0.4.1' ],
42 silly audit   '@humanfs/core': [ '0.19.1' ],
42 silly audit   '@humanfs/node': [ '0.16.7' ],
42 silly audit   '@humanwhocodes/module-importer': [ '1.0.1' ],
42 silly audit   '@humanwhocodes/retry': [ '0.4.3' ],
42 silly audit   '@jridgewell/gen-mapping': [ '0.3.13' ],
42 silly audit   '@jridgewell/remapping': [ '2.3.5' ],
42 silly audit   '@jridgewell/resolve-uri': [ '3.1.2' ],
42 silly audit   '@jridgewell/sourcemap-codec': [ '1.5.5' ],
42 silly audit   '@jridgewell/trace-mapping': [ '0.3.31' ],
42 silly audit   '@napi-rs/wasm-runtime': [ '1.1.3' ],
42 silly audit   '@oxc-project/types': [ '0.124.0' ],
42 silly audit   '@rolldown/binding-android-arm64': [ '1.0.0-rc.15' ],
42 silly audit   '@rolldown/binding-darwin-arm64': [ '1.0.0-rc.15' ],
42 silly audit   '@rolldown/binding-darwin-x64': [ '1.0.0-rc.15' ],
42 silly audit   '@rolldown/binding-freebsd-x64': [ '1.0.0-rc.15' ],
42 silly audit   '@rolldown/binding-linux-arm-gnueabihf': [ '1.0.0-rc.15' ],
42 silly audit   '@rolldown/binding-linux-arm64-gnu': [ '1.0.0-rc.15' ],
42 silly audit   '@rolldown/binding-linux-arm64-musl': [ '1.0.0-rc.15' ],
42 silly audit   '@rolldown/binding-linux-ppc64-gnu': [ '1.0.0-rc.15' ],
42 silly audit   '@rolldown/binding-linux-s390x-gnu': [ '1.0.0-rc.15' ],
42 silly audit   '@rolldown/binding-linux-x64-gnu': [ '1.0.0-rc.15' ],
42 silly audit   '@rolldown/binding-linux-x64-musl': [ '1.0.0-rc.15' ],
42 silly audit   '@rolldown/binding-openharmony-arm64': [ '1.0.0-rc.15' ],
42 silly audit   '@rolldown/binding-wasm32-wasi': [ '1.0.0-rc.15' ],
42 silly audit   '@rolldown/binding-win32-arm64-msvc': [ '1.0.0-rc.15' ],
42 silly audit   '@rolldown/binding-win32-x64-msvc': [ '1.0.0-rc.15' ],
42 silly audit   '@rolldown/pluginutils': [ '1.0.0-rc.7', '1.0.0-rc.15' ],
42 silly audit   '@tybys/wasm-util': [ '0.10.1' ],
42 silly audit   '@types/estree': [ '1.0.8' ],
42 silly audit   '@types/json-schema': [ '7.0.15' ],
42 silly audit   '@types/react': [ '19.2.14' ],
42 silly audit   '@types/react-dom': [ '19.2.3' ],
42 silly audit   '@vitejs/plugin-react': [ '6.0.1' ],
42 silly audit   acorn: [ '8.16.0' ],
42 silly audit   'acorn-jsx': [ '5.3.2' ],
42 silly audit   ajv: [ '6.14.0' ],
42 silly audit   'ansi-styles': [ '4.3.0' ],
42 silly audit   argparse: [ '2.0.1' ],
42 silly audit   'balanced-match': [ '1.0.2' ],
42 silly audit   'baseline-browser-mapping': [ '2.10.18' ],
42 silly audit   'brace-expansion': [ '1.1.14' ],
42 silly audit   browserslist: [ '4.28.2' ],
42 silly audit   callsites: [ '3.1.0' ],
42 silly audit   'caniuse-lite': [ '1.0.30001788' ],
42 silly audit   chalk: [ '4.1.2' ],
42 silly audit   'color-convert': [ '2.0.1' ],
42 silly audit   'color-name': [ '1.1.4' ],
42 silly audit   'concat-map': [ '0.0.1' ],
42 silly audit   'convert-source-map': [ '2.0.0' ],
42 silly audit   'cross-spawn': [ '7.0.6' ],
42 silly audit   csstype: [ '3.2.3' ],
42 silly audit   debug: [ '4.4.3' ],
42 silly audit   'deep-is': [ '0.1.4' ],
42 silly audit   'detect-libc': [ '2.1.2' ],
42 silly audit   'electron-to-chromium': [ '1.5.336' ],
42 silly audit   escalade: [ '3.2.0' ],
42 silly audit   'escape-string-regexp': [ '4.0.0' ],
42 silly audit   eslint: [ '9.39.4' ],
42 silly audit   'eslint-plugin-react-hooks': [ '7.0.1' ],
42 silly audit   'eslint-plugin-react-refresh': [ '0.5.2' ],
42 silly audit   'eslint-scope': [ '8.4.0' ],
42 silly audit   espree: [ '10.4.0' ],
42 silly audit   esquery: [ '1.7.0' ],
42 silly audit   esrecurse: [ '4.3.0' ],
42 silly audit   estraverse: [ '5.3.0' ],
42 silly audit   esutils: [ '2.0.3' ],
42 silly audit   'fast-deep-equal': [ '3.1.3' ],
42 silly audit   'fast-json-stable-stringify': [ '2.1.0' ],
42 silly audit   'fast-levenshtein': [ '2.0.6' ],
42 silly audit   fdir: [ '6.5.0' ],
42 silly audit   'file-entry-cache': [ '8.0.0' ],
42 silly audit   'find-up': [ '5.0.0' ],
42 silly audit   'flat-cache': [ '4.0.1' ],
42 silly audit   flatted: [ '3.4.2' ],
42 silly audit   fsevents: [ '2.3.3' ],
42 silly audit   gensync: [ '1.0.0-beta.2' ],
42 silly audit   'glob-parent': [ '6.0.2' ],
42 silly audit   'has-flag': [ '4.0.0' ],
42 silly audit   'hermes-estree': [ '0.25.1' ],
42 silly audit   'hermes-parser': [ '0.25.1' ],
42 silly audit   ignore: [ '5.3.2' ],
42 silly audit   'import-fresh': [ '3.3.1' ],
42 silly audit   imurmurhash: [ '0.1.4' ],
42 silly audit   'is-extglob': [ '2.1.1' ],
42 silly audit   'is-glob': [ '4.0.3' ],
42 silly audit   isexe: [ '2.0.0' ],
42 silly audit   'js-tokens': [ '4.0.0' ],
42 silly audit   'js-yaml': [ '4.1.1' ],
42 silly audit   jsesc: [ '3.1.0' ],
42 silly audit   'json-buffer': [ '3.0.1' ],
42 silly audit   'json-schema-traverse': [ '0.4.1' ],
42 silly audit   'json-stable-stringify-without-jsonify': [ '1.0.1' ],
42 silly audit   json5: [ '2.2.3' ],
42 silly audit   keyv: [ '4.5.4' ],
42 silly audit   levn: [ '0.4.1' ],
42 silly audit   lightningcss: [ '1.32.0' ],
42 silly audit   'lightningcss-android-arm64': [ '1.32.0' ],
42 silly audit   'lightningcss-darwin-arm64': [ '1.32.0' ],
42 silly audit   'lightningcss-darwin-x64': [ '1.32.0' ],
42 silly audit   'lightningcss-freebsd-x64': [ '1.32.0' ],
42 silly audit   'lightningcss-linux-arm-gnueabihf': [ '1.32.0' ],
42 silly audit   'lightningcss-linux-arm64-gnu': [ '1.32.0' ],
42 silly audit   'lightningcss-linux-arm64-musl': [ '1.32.0' ],
42 silly audit   'lightningcss-linux-x64-gnu': [ '1.32.0' ],
42 silly audit   'lightningcss-linux-x64-musl': [ '1.32.0' ],
42 silly audit   'lightningcss-win32-arm64-msvc': [ '1.32.0' ],
42 silly audit   'lightningcss-win32-x64-msvc': [ '1.32.0' ],
42 silly audit   'locate-path': [ '6.0.0' ],
42 silly audit   'lodash.merge': [ '4.6.2' ],
42 silly audit   'lru-cache': [ '5.1.1' ],
42 silly audit   minimatch: [ '3.1.5' ],
42 silly audit   ms: [ '2.1.3' ],
42 silly audit   nanoid: [ '3.3.11' ],
42 silly audit   'natural-compare': [ '1.4.0' ],
42 silly audit   'node-releases': [ '2.0.37' ],
42 silly audit   optionator: [ '0.9.4' ],
42 silly audit   'p-limit': [ '3.1.0' ],
42 silly audit   'p-locate': [ '5.0.0' ],
42 silly audit   'parent-module': [ '1.0.1' ],
42 silly audit   'path-exists': [ '4.0.0' ],
42 silly audit   'path-key': [ '3.1.1' ],
42 silly audit   picocolors: [ '1.1.1' ],
42 silly audit   picomatch: [ '4.0.4' ],
42 silly audit   'prelude-ls': [ '1.2.1' ],
42 silly audit   punycode: [ '2.3.1' ],
42 silly audit   react: [ '19.2.5' ],
42 silly audit   'react-dom': [ '19.2.5' ],
42 silly audit   'resolve-from': [ '4.0.0' ],
42 silly audit   rolldown: [ '1.0.0-rc.15' ],
42 silly audit   scheduler: [ '0.27.0' ],
42 silly audit   semver: [ '6.3.1' ],
42 silly audit   'shebang-command': [ '2.0.0' ],
42 silly audit   'shebang-regex': [ '3.0.0' ],
42 silly audit   'source-map-js': [ '1.2.1' ],
42 silly audit   'strip-json-comments': [ '3.1.1' ],
42 silly audit   'supports-color': [ '7.2.0' ],
42 silly audit   tinyglobby: [ '0.2.16' ],
42 silly audit   tslib: [ '2.8.1' ],
42 silly audit   'type-check': [ '0.4.0' ],
42 silly audit   'update-browserslist-db': [ '1.2.3' ],
42 silly audit   'uri-js': [ '4.4.1' ],
42 silly audit   vite: [ '8.0.8' ],
42 silly audit   which: [ '2.0.2' ],
42 silly audit   'word-wrap': [ '1.2.5' ],
42 silly audit   yallist: [ '3.1.1' ],
42 silly audit   'yocto-queue': [ '0.1.0' ],
42 silly audit   zod: [ '4.3.6' ],
42 silly audit   'zod-validation-error': [ '4.0.2' ],
42 silly audit   autoprefixer: [ '10.5.0' ],
42 silly audit   postcss: [ '8.5.9' ],
42 silly audit   tailwindcss: [ '4.2.2' ],
42 silly audit   'fraction.js': [ '5.3.4' ],
42 silly audit   'postcss-value-parser': [ '4.2.0' ]
42 silly audit }
43 http cache postcss-value-parser@https://registry.npmjs.org/postcss-value-parser/-/postcss-value-parser-4.2.0.tgz 0ms (cache hit)
44 http cache fraction.js@https://registry.npmjs.org/fraction.js/-/fraction.js-5.3.4.tgz 0ms (cache hit)
45 http cache tailwindcss@https://registry.npmjs.org/tailwindcss/-/tailwindcss-4.2.2.tgz 0ms (cache hit)
46 http cache autoprefixer@https://registry.npmjs.org/autoprefixer/-/autoprefixer-10.5.0.tgz 1ms (cache hit)
47 http fetch POST 200 https://registry.npmjs.org/-/npm/v1/security/advisories/bulk 1598ms
48 silly audit report {}
49 silly ADD node_modules/postcss-value-parser
50 silly ADD node_modules/fraction.js
51 silly ADD node_modules/tailwindcss
52 silly ADD node_modules/autoprefixer
53 verbose cwd /data/data/com.termux/files/home/kimana-chronicles
54 verbose os Linux 6.6.89-android15-8-abA055FXXUEDZB2-4k
55 verbose node v25.8.2
56 verbose npm  v11.12.1
57 verbose exit 0
58 info ok
