0 verbose cli /data/data/com.termux/files/usr/bin/node /data/data/com.termux/files/usr/lib/node_modules/npm/bin/npm-cli.js
1 info using npm@11.12.1
2 info using node@v25.8.2
3 silly config load:file:/data/data/com.termux/files/usr/lib/node_modules/npm/npmrc
4 silly config load:file:/data/data/com.termux/files/home/kimana-chronicles/.npmrc
5 silly config load:file:/data/data/com.termux/files/home/.npmrc
6 silly config load:file:/data/data/com.termux/files/usr/etc/npmrc
7 verbose title npm exec tailwindcss init -p
8 verbose argv "exec" "--" "tailwindcss" "init" "-p"
9 verbose logfile logs-max:10 dir:/data/data/com.termux/files/home/.npm/_logs/2026-04-14T07_37_00_731Z-
10 verbose logfile /data/data/com.termux/files/home/.npm/_logs/2026-04-14T07_37_00_731Z-debug-0.log
11 silly logfile start cleaning logs, removing 1 files
12 silly logfile done cleaning log files
13 silly packumentCache heap:1060634624 maxSize:265158656 maxEntrySize:132579328
14 verbose shrinkwrap failed to load node_modules/.package-lock.json out of date, updated: node_modules
15 http fetch GET 200 https://registry.npmjs.org/tailwindcss 2049ms (cache miss)
16 verbose stack Error: could not determine executable to run
16 verbose stack     at getBinFromManifest (/data/data/com.termux/files/usr/lib/node_modules/npm/node_modules/libnpmexec/lib/get-bin-from-manifest.js:17:23)
16 verbose stack     at exec (/data/data/com.termux/files/usr/lib/node_modules/npm/node_modules/libnpmexec/lib/index.js:211:15)
16 verbose stack     at async Npm.exec (/data/data/com.termux/files/usr/lib/node_modules/npm/lib/npm.js:193:9)
16 verbose stack     at async module.exports (/data/data/com.termux/files/usr/lib/node_modules/npm/lib/cli/entry.js:67:5)
17 verbose pkgid tailwindcss@4.2.2
18 error could not determine executable to run
19 verbose cwd /data/data/com.termux/files/home/kimana-chronicles
20 verbose os Linux 6.6.89-android15-8-abA055FXXUEDZB2-4k
21 verbose node v25.8.2
22 verbose npm  v11.12.1
23 verbose exit 1
24 verbose code 1
25 error A complete log of this run can be found in: /data/data/com.termux/files/home/.npm/_logs/2026-04-14T07_37_00_731Z-debug-0.log
