0 verbose cli /data/data/com.termux/files/usr/bin/node /data/data/com.termux/files/usr/bin/npm
1 info using npm@11.12.1
2 info using node@v25.8.2
3 silly config load:file:/data/data/com.termux/files/usr/lib/node_modules/npm/npmrc
4 silly config load:file:/data/data/com.termux/files/home/.npmrc
5 silly config load:file:/data/data/com.termux/files/usr/etc/npmrc
6 verbose title npm run dev --host
7 verbose argv "run" "dev" "--" "--host"
8 verbose logfile logs-max:10 dir:/data/data/com.termux/files/home/.npm/_logs/2026-04-14T08_15_39_451Z-
9 verbose logfile /data/data/com.termux/files/home/.npm/_logs/2026-04-14T08_15_39_451Z-debug-0.log
10 silly logfile start cleaning logs, removing 1 files
11 silly logfile done cleaning log files
12 verbose stack Error: Missing script: "dev"
12 verbose stack
12 verbose stack To see a list of scripts, run:
12 verbose stack   npm run
12 verbose stack     at #run (/data/data/com.termux/files/usr/lib/node_modules/npm/lib/commands/run.js:115:13)
12 verbose stack     at async RunScript.exec (/data/data/com.termux/files/usr/lib/node_modules/npm/lib/commands/run.js:44:7)
12 verbose stack     at async Npm.exec (/data/data/com.termux/files/usr/lib/node_modules/npm/lib/npm.js:193:9)
12 verbose stack     at async module.exports (/data/data/com.termux/files/usr/lib/node_modules/npm/lib/cli/entry.js:67:5)
13 error Missing script: "dev"
13 error
13 error To see a list of scripts, run:
13 error   npm run
14 verbose cwd /data/data/com.termux/files/home
15 verbose os Linux 6.6.89-android15-8-abA055FXXUEDZB2-4k
16 verbose node v25.8.2
17 verbose npm  v11.12.1
18 verbose exit 1
19 verbose code 1
20 error A complete log of this run can be found in: /data/data/com.termux/files/home/.npm/_logs/2026-04-14T08_15_39_451Z-debug-0.log
